-- Found ament_cmake: 1.3.3 (/opt/ros/humble/share/ament_cmake/cmake)
-- Override CMake install command with custom implementation using symlinks instead of copying resources
-- Found rclcpp: 16.0.3 (/opt/ros/humble/share/rclcpp/cmake)
-- Found rosidl_generator_c: 3.1.4 (/opt/ros/humble/share/rosidl_generator_c/cmake)
-- Found rosidl_adapter: 3.1.4 (/opt/ros/humble/share/rosidl_adapter/cmake)
-- Found rosidl_generator_cpp: 3.1.4 (/opt/ros/humble/share/rosidl_generator_cpp/cmake)
-- Using all available rosidl_typesupport_c: rosidl_typesupport_fastrtps_c;rosidl_typesupport_introspection_c
-- Using all available rosidl_typesupport_cpp: rosidl_typesupport_fastrtps_cpp;rosidl_typesupport_introspection_cpp
-- Found rmw_implementation_cmake: 6.1.1 (/opt/ros/humble/share/rmw_implementation_cmake/cmake)
-- Found rmw_fastrtps_cpp: 6.2.2 (/opt/ros/humble/share/rmw_fastrtps_cpp/cmake)
-- Using RMW implementation 'rmw_fastrtps_cpp' as default
-- Found ament_lint_auto: 0.12.5 (/opt/ros/humble/share/ament_lint_auto/cmake)
-- Added test 'cppcheck' to perform static code analysis on C / C++ code
-- Configured cppcheck include dirs: 
-- Configured cppcheck exclude dirs and/or files: 
-- Added test 'lint_cmake' to check CMake code style
-- Added test 'uncrustify' to check C / C++ code style
-- Configured uncrustify additional arguments: 
-- Added test 'xmllint' to check XML markup files
-- Configuring done
-- Generating done
-- Build files have been written to: /home/owen/ros2_ws/build/package
[35m[1mConsolidate compiler generated dependencies of target publisher_node[0m
[35m[1mConsolidate compiler generated dependencies of target subscriber_node[0m
[ 25%] [32mBuilding CXX object CMakeFiles/subscriber_node.dir/src/subscriber.cpp.o[0m
[ 50%] [32mBuilding CXX object CMakeFiles/publisher_node.dir/src/publisher.cpp.o[0m
[ 75%] [32m[1mLinking CXX executable publisher_node[0m
[ 75%] Built target publisher_node
[100%] [32m[1mLinking CXX executable subscriber_node[0m
[100%] Built target subscriber_node
-- Install configuration: ""
-- Execute custom install script
-- Up-to-date symlink: /home/owen/ros2_ws/install/package/lib/package/publisher_node
-- Up-to-date symlink: /home/owen/ros2_ws/install/package/lib/package/subscriber_node
-- Up-to-date symlink: /home/owen/ros2_ws/install/package/share/package/package.xml
-- Up-to-date symlink: /home/owen/ros2_ws/install/package/share/ament_index/resource_index/package_run_dependencies/package
-- Up-to-date symlink: /home/owen/ros2_ws/install/package/share/ament_index/resource_index/parent_prefix_path/package
-- Up-to-date symlink: /home/owen/ros2_ws/install/package/share/package/environment/ament_prefix_path.sh
-- Up-to-date symlink: /home/owen/ros2_ws/install/package/share/package/environment/ament_prefix_path.dsv
-- Up-to-date symlink: /home/owen/ros2_ws/install/package/share/package/environment/path.sh
-- Up-to-date symlink: /home/owen/ros2_ws/install/package/share/package/environment/path.dsv
-- Up-to-date symlink: /home/owen/ros2_ws/install/package/share/package/local_setup.bash
-- Up-to-date symlink: /home/owen/ros2_ws/install/package/share/package/local_setup.sh
-- Up-to-date symlink: /home/owen/ros2_ws/install/package/share/package/local_setup.zsh
-- Up-to-date symlink: /home/owen/ros2_ws/install/package/share/package/local_setup.dsv
-- Symlinking: /home/owen/ros2_ws/install/package/share/package/package.dsv
-- Up-to-date symlink: /home/owen/ros2_ws/install/package/share/ament_index/resource_index/packages/package
-- Up-to-date symlink: /home/owen/ros2_ws/install/package/share/package/cmake/packageConfig.cmake
-- Up-to-date symlink: /home/owen/ros2_ws/install/package/share/package/cmake/packageConfig-version.cmake
-- Up-to-date symlink: /home/owen/ros2_ws/install/package/share/package/package.xml
