[0.032s] Invoking command in '/home/owen/ros2_ws/build/package': CMAKE_PREFIX_PATH=/opt/ros/humble /usr/bin/cmake --build /home/owen/ros2_ws/build/package -- -j2 -l2
[0.107s] -- Found ament_cmake: 1.3.3 (/opt/ros/humble/share/ament_cmake/cmake)
[0.293s] -- Override CMake install command with custom implementation using symlinks instead of copying resources
[0.338s] -- Found rclcpp: 16.0.3 (/opt/ros/humble/share/rclcpp/cmake)
[0.425s] -- Found rosidl_generator_c: 3.1.4 (/opt/ros/humble/share/rosidl_generator_c/cmake)
[0.434s] -- Found rosidl_adapter: 3.1.4 (/opt/ros/humble/share/rosidl_adapter/cmake)
[0.454s] -- Found rosidl_generator_cpp: 3.1.4 (/opt/ros/humble/share/rosidl_generator_cpp/cmake)
[0.480s] -- Using all available rosidl_typesupport_c: rosidl_typesupport_fastrtps_c;rosidl_typesupport_introspection_c
[0.516s] -- Using all available rosidl_typesupport_cpp: rosidl_typesupport_fastrtps_cpp;rosidl_typesupport_introspection_cpp
[0.627s] -- Found rmw_implementation_cmake: 6.1.1 (/opt/ros/humble/share/rmw_implementation_cmake/cmake)
[0.635s] -- Found rmw_fastrtps_cpp: 6.2.2 (/opt/ros/humble/share/rmw_fastrtps_cpp/cmake)
[0.807s] -- Using RMW implementation 'rmw_fastrtps_cpp' as default
[1.054s] -- Found ament_lint_auto: 0.12.5 (/opt/ros/humble/share/ament_lint_auto/cmake)
[1.152s] -- Added test 'cppcheck' to perform static code analysis on C / C++ code
[1.152s] -- Configured cppcheck include dirs: 
[1.152s] -- Configured cppcheck exclude dirs and/or files: 
[1.153s] -- Added test 'lint_cmake' to check CMake code style
[1.155s] -- Added test 'uncrustify' to check C / C++ code style
[1.155s] -- Configured uncrustify additional arguments: 
[1.156s] -- Added test 'xmllint' to check XML markup files
[1.164s] -- Configuring done
[1.191s] -- Generating done
[1.193s] -- Build files have been written to: /home/owen/ros2_ws/build/package
[1.251s] [35m[1mConsolidate compiler generated dependencies of target publisher_node[0m
[1.251s] [35m[1mConsolidate compiler generated dependencies of target subscriber_node[0m
[1.315s] [ 25%] [32mBuilding CXX object CMakeFiles/subscriber_node.dir/src/subscriber.cpp.o[0m
[1.315s] [ 50%] [32mBuilding CXX object CMakeFiles/publisher_node.dir/src/publisher.cpp.o[0m
[8.125s] [ 75%] [32m[1mLinking CXX executable publisher_node[0m
[11.874s] [ 75%] Built target publisher_node
[16.468s] [100%] [32m[1mLinking CXX executable subscriber_node[0m
[16.872s] [100%] Built target subscriber_node
[17.030s] Invoked command in '/home/owen/ros2_ws/build/package' returned '0': CMAKE_PREFIX_PATH=/opt/ros/humble /usr/bin/cmake --build /home/owen/ros2_ws/build/package -- -j2 -l2
[17.115s] Invoking command in '/home/owen/ros2_ws/build/package': CMAKE_PREFIX_PATH=/opt/ros/humble /usr/bin/cmake --install /home/owen/ros2_ws/build/package
[17.123s] -- Install configuration: ""
[17.124s] -- Execute custom install script
[17.124s] -- Up-to-date symlink: /home/owen/ros2_ws/install/package/lib/package/publisher_node
[17.125s] -- Up-to-date symlink: /home/owen/ros2_ws/install/package/lib/package/subscriber_node
[17.126s] -- Up-to-date symlink: /home/owen/ros2_ws/install/package/share/package/package.xml
[17.127s] -- Up-to-date symlink: /home/owen/ros2_ws/install/package/share/ament_index/resource_index/package_run_dependencies/package
[17.128s] -- Up-to-date symlink: /home/owen/ros2_ws/install/package/share/ament_index/resource_index/parent_prefix_path/package
[17.131s] -- Up-to-date symlink: /home/owen/ros2_ws/install/package/share/package/environment/ament_prefix_path.sh
[17.132s] -- Up-to-date symlink: /home/owen/ros2_ws/install/package/share/package/environment/ament_prefix_path.dsv
[17.133s] -- Up-to-date symlink: /home/owen/ros2_ws/install/package/share/package/environment/path.sh
[17.134s] -- Up-to-date symlink: /home/owen/ros2_ws/install/package/share/package/environment/path.dsv
[17.135s] -- Up-to-date symlink: /home/owen/ros2_ws/install/package/share/package/local_setup.bash
[17.136s] -- Up-to-date symlink: /home/owen/ros2_ws/install/package/share/package/local_setup.sh
[17.137s] -- Up-to-date symlink: /home/owen/ros2_ws/install/package/share/package/local_setup.zsh
[17.138s] -- Up-to-date symlink: /home/owen/ros2_ws/install/package/share/package/local_setup.dsv
[17.138s] -- Symlinking: /home/owen/ros2_ws/install/package/share/package/package.dsv
[17.148s] -- Up-to-date symlink: /home/owen/ros2_ws/install/package/share/ament_index/resource_index/packages/package
[17.149s] -- Up-to-date symlink: /home/owen/ros2_ws/install/package/share/package/cmake/packageConfig.cmake
[17.150s] -- Up-to-date symlink: /home/owen/ros2_ws/install/package/share/package/cmake/packageConfig-version.cmake
[17.150s] -- Up-to-date symlink: /home/owen/ros2_ws/install/package/share/package/package.xml
[17.159s] Invoked command in '/home/owen/ros2_ws/build/package' returned '0': CMAKE_PREFIX_PATH=/opt/ros/humble /usr/bin/cmake --install /home/owen/ros2_ws/build/package
