[0.014s] Invoking command in '/home/owen/ros2_ws/build/package': CMAKE_PREFIX_PATH=/opt/ros/humble /usr/bin/cmake /home/owen/ros2_ws/src/package -DAMENT_CMAKE_SYMLINK_INSTALL=1 -DCMAKE_INSTALL_PREFIX=/home/owen/ros2_ws/install/package
[0.172s] -- The C compiler identification is GNU 11.3.0
[0.290s] -- The CXX compiler identification is GNU 11.3.0
[0.300s] -- Detecting C compiler ABI info
[0.395s] -- Detecting C compiler ABI info - done
[0.402s] -- Check for working C compiler: /usr/bin/cc - skipped
[0.403s] -- Detecting C compile features
[0.404s] -- Detecting C compile features - done
[0.411s] -- Detecting CXX compiler ABI info
[0.551s] -- Detecting CXX compiler ABI info - done
[0.557s] -- Check for working CXX compiler: /usr/bin/c++ - skipped
[0.557s] -- Detecting CXX compile features
[0.558s] -- Detecting CXX compile features - done
[0.565s] -- Found ament_cmake: 1.3.3 (/opt/ros/humble/share/ament_cmake/cmake)
[0.774s] -- Found Python3: /usr/bin/python3.10 (found version "3.10.6") found components: Interpreter 
[0.865s] -- Override CMake install command with custom implementation using symlinks instead of copying resources
[0.908s] -- Found rclcpp: 16.0.3 (/opt/ros/humble/share/rclcpp/cmake)
[0.973s] -- Found rosidl_generator_c: 3.1.4 (/opt/ros/humble/share/rosidl_generator_c/cmake)
[0.980s] -- Found rosidl_adapter: 3.1.4 (/opt/ros/humble/share/rosidl_adapter/cmake)
[0.991s] -- Found rosidl_generator_cpp: 3.1.4 (/opt/ros/humble/share/rosidl_generator_cpp/cmake)
[1.015s] -- Using all available rosidl_typesupport_c: rosidl_typesupport_fastrtps_c;rosidl_typesupport_introspection_c
[1.043s] -- Using all available rosidl_typesupport_cpp: rosidl_typesupport_fastrtps_cpp;rosidl_typesupport_introspection_cpp
[1.150s] -- Found rmw_implementation_cmake: 6.1.1 (/opt/ros/humble/share/rmw_implementation_cmake/cmake)
[1.154s] -- Found rmw_fastrtps_cpp: 6.2.2 (/opt/ros/humble/share/rmw_fastrtps_cpp/cmake)
[1.287s] -- Found OpenSSL: /usr/lib/x86_64-linux-gnu/libcrypto.so (found version "3.0.2")  
[1.321s] -- Found FastRTPS: /opt/ros/humble/include  
[1.372s] -- Using RMW implementation 'rmw_fastrtps_cpp' as default
[1.388s] -- Looking for pthread.h
[1.516s] -- Looking for pthread.h - found
[1.516s] -- Performing Test CMAKE_HAVE_LIBC_PTHREAD
[1.659s] -- Performing Test CMAKE_HAVE_LIBC_PTHREAD - Success
[1.660s] -- Found Threads: TRUE  
[1.897s] -- Found ament_lint_auto: 0.12.5 (/opt/ros/humble/share/ament_lint_auto/cmake)
[2.004s] -- Added test 'cppcheck' to perform static code analysis on C / C++ code
[2.004s] -- Configured cppcheck include dirs: 
[2.004s] -- Configured cppcheck exclude dirs and/or files: 
[2.007s] -- Added test 'lint_cmake' to check CMake code style
[2.009s] -- Added test 'uncrustify' to check C / C++ code style
[2.009s] -- Configured uncrustify additional arguments: 
[2.012s] -- Added test 'xmllint' to check XML markup files
[2.014s] -- Configuring done
[2.043s] -- Generating done
[2.045s] -- Build files have been written to: /home/owen/ros2_ws/build/package
[2.060s] Invoked command in '/home/owen/ros2_ws/build/package' returned '0': CMAKE_PREFIX_PATH=/opt/ros/humble /usr/bin/cmake /home/owen/ros2_ws/src/package -DAMENT_CMAKE_SYMLINK_INSTALL=1 -DCMAKE_INSTALL_PREFIX=/home/owen/ros2_ws/install/package
[2.064s] Invoking command in '/home/owen/ros2_ws/build/package': CMAKE_PREFIX_PATH=/opt/ros/humble /usr/bin/cmake --build /home/owen/ros2_ws/build/package -- -j2 -l2
[2.123s] [ 25%] [32mBuilding CXX object CMakeFiles/subscriber_node.dir/src/subscriber.cpp.o[0m
[2.132s] [ 50%] [32mBuilding CXX object CMakeFiles/publisher_node.dir/src/publisher.cpp.o[0m
[13.217s] [ 75%] [32m[1mLinking CXX executable publisher_node[0m
[13.748s] [ 75%] Built target publisher_node
[19.293s] [100%] [32m[1mLinking CXX executable subscriber_node[0m
[19.823s] [100%] Built target subscriber_node
[19.948s] Invoked command in '/home/owen/ros2_ws/build/package' returned '0': CMAKE_PREFIX_PATH=/opt/ros/humble /usr/bin/cmake --build /home/owen/ros2_ws/build/package -- -j2 -l2
[20.078s] Invoking command in '/home/owen/ros2_ws/build/package': CMAKE_PREFIX_PATH=/opt/ros/humble /usr/bin/cmake --install /home/owen/ros2_ws/build/package
[20.092s] -- Install configuration: ""
[20.093s] -- Execute custom install script
[20.095s] -- Symlinking: /home/owen/ros2_ws/install/package/lib/package/publisher_node
[20.106s] -- Symlinking: /home/owen/ros2_ws/install/package/lib/package/subscriber_node
[20.123s] -- Symlinking: /home/owen/ros2_ws/install/package/share/package/package.xml
[20.144s] -- Symlinking: /home/owen/ros2_ws/install/package/share/ament_index/resource_index/package_run_dependencies/package
[20.162s] -- Symlinking: /home/owen/ros2_ws/install/package/share/ament_index/resource_index/parent_prefix_path/package
[20.180s] -- Symlinking: /home/owen/ros2_ws/install/package/share/package/environment/ament_prefix_path.sh
[20.190s] -- Symlinking: /home/owen/ros2_ws/install/package/share/package/environment/ament_prefix_path.dsv
[20.204s] -- Symlinking: /home/owen/ros2_ws/install/package/share/package/environment/path.sh
[20.216s] -- Symlinking: /home/owen/ros2_ws/install/package/share/package/environment/path.dsv
[20.232s] -- Symlinking: /home/owen/ros2_ws/install/package/share/package/local_setup.bash
[20.251s] -- Symlinking: /home/owen/ros2_ws/install/package/share/package/local_setup.sh
[20.259s] -- Symlinking: /home/owen/ros2_ws/install/package/share/package/local_setup.zsh
[20.275s] -- Symlinking: /home/owen/ros2_ws/install/package/share/package/local_setup.dsv
[20.279s] -- Symlinking: /home/owen/ros2_ws/install/package/share/package/package.dsv
[20.289s] -- Symlinking: /home/owen/ros2_ws/install/package/share/ament_index/resource_index/packages/package
[20.301s] -- Symlinking: /home/owen/ros2_ws/install/package/share/package/cmake/packageConfig.cmake
[20.312s] -- Symlinking: /home/owen/ros2_ws/install/package/share/package/cmake/packageConfig-version.cmake
[20.328s] -- Up-to-date symlink: /home/owen/ros2_ws/install/package/share/package/package.xml
[20.336s] Invoked command in '/home/owen/ros2_ws/build/package' returned '0': CMAKE_PREFIX_PATH=/opt/ros/humble /usr/bin/cmake --install /home/owen/ros2_ws/build/package
