[0.316s] DEBUG:colcon:Command line arguments: ['/usr/bin/colcon', 'build', '--symlink-install']
[0.316s] DEBUG:colcon:Parsed command line arguments: Namespace(log_base=None, log_level=None, verb_name='build', build_base='build', install_base='install', merge_install=False, symlink_install=True, test_result_base=None, continue_on_error=False, executor='parallel', parallel_workers=2, event_handlers=None, ignore_user_meta=False, metas=['./colcon.meta'], base_paths=['.'], packages_ignore=None, packages_ignore_regex=None, paths=None, packages_up_to=None, packages_up_to_regex=None, packages_above=None, packages_above_and_dependencies=None, packages_above_depth=None, packages_select_by_dep=None, packages_skip_by_dep=None, packages_skip_up_to=None, packages_select_build_failed=False, packages_skip_build_finished=False, packages_select_test_failures=False, packages_skip_test_passed=False, packages_select=None, packages_skip=None, packages_select_regex=None, packages_skip_regex=None, packages_start=None, packages_end=None, allow_overriding=[], cmake_args=None, cmake_target=None, cmake_target_skip_unavailable=False, cmake_clean_cache=False, cmake_clean_first=False, cmake_force_configure=False, ament_cmake_args=None, catkin_cmake_args=None, catkin_skip_building_tests=False, verb_parser=<colcon_defaults.argument_parser.defaults.DefaultArgumentsDecorator object at 0x7fd5caab4430>, verb_extension=<colcon_core.verb.build.BuildVerb object at 0x7fd5cb2a49a0>, main=<bound method BuildVerb.main of <colcon_core.verb.build.BuildVerb object at 0x7fd5cb2a49a0>>)
[0.347s] Level 1:colcon.colcon_core.package_discovery:discover_packages(colcon_meta) check parameters
[0.347s] Level 1:colcon.colcon_core.package_discovery:discover_packages(recursive) check parameters
[0.347s] Level 1:colcon.colcon_core.package_discovery:discover_packages(ignore) check parameters
[0.347s] Level 1:colcon.colcon_core.package_discovery:discover_packages(path) check parameters
[0.347s] Level 1:colcon.colcon_core.package_discovery:discover_packages(colcon_meta) discover
[0.347s] Level 1:colcon.colcon_core.package_discovery:discover_packages(recursive) discover
[0.348s] INFO:colcon.colcon_core.package_discovery:Crawling recursively for packages in '/home/owen/ros2_ws'
[0.348s] Level 1:colcon.colcon_core.package_identification:_identify(.) by extensions ['ignore', 'ignore_ament_install']
[0.348s] Level 1:colcon.colcon_core.package_identification:_identify(.) by extension 'ignore'
[0.348s] Level 1:colcon.colcon_core.package_identification:_identify(.) by extension 'ignore_ament_install'
[0.348s] Level 1:colcon.colcon_core.package_identification:_identify(.) by extensions ['colcon_pkg']
[0.348s] Level 1:colcon.colcon_core.package_identification:_identify(.) by extension 'colcon_pkg'
[0.349s] Level 1:colcon.colcon_core.package_identification:_identify(.) by extensions ['colcon_meta']
[0.349s] Level 1:colcon.colcon_core.package_identification:_identify(.) by extension 'colcon_meta'
[0.349s] Level 1:colcon.colcon_core.package_identification:_identify(.) by extensions ['ros']
[0.349s] Level 1:colcon.colcon_core.package_identification:_identify(.) by extension 'ros'
[0.359s] Level 1:colcon.colcon_core.package_identification:_identify(.) by extensions ['cmake', 'python']
[0.359s] Level 1:colcon.colcon_core.package_identification:_identify(.) by extension 'cmake'
[0.359s] Level 1:colcon.colcon_core.package_identification:_identify(.) by extension 'python'
[0.359s] Level 1:colcon.colcon_core.package_identification:_identify(.) by extensions ['python_setup_py']
[0.360s] Level 1:colcon.colcon_core.package_identification:_identify(.) by extension 'python_setup_py'
[0.360s] Level 1:colcon.colcon_core.package_identification:_identify(build) by extensions ['ignore', 'ignore_ament_install']
[0.360s] Level 1:colcon.colcon_core.package_identification:_identify(build) by extension 'ignore'
[0.360s] Level 1:colcon.colcon_core.package_identification:_identify(build) ignored
[0.360s] Level 1:colcon.colcon_core.package_identification:_identify(install) by extensions ['ignore', 'ignore_ament_install']
[0.361s] Level 1:colcon.colcon_core.package_identification:_identify(install) by extension 'ignore'
[0.361s] Level 1:colcon.colcon_core.package_identification:_identify(install) ignored
[0.361s] Level 1:colcon.colcon_core.package_identification:_identify(log) by extensions ['ignore', 'ignore_ament_install']
[0.361s] Level 1:colcon.colcon_core.package_identification:_identify(log) by extension 'ignore'
[0.361s] Level 1:colcon.colcon_core.package_identification:_identify(log) ignored
[0.362s] Level 1:colcon.colcon_core.package_identification:_identify(src) by extensions ['ignore', 'ignore_ament_install']
[0.362s] Level 1:colcon.colcon_core.package_identification:_identify(src) by extension 'ignore'
[0.362s] Level 1:colcon.colcon_core.package_identification:_identify(src) by extension 'ignore_ament_install'
[0.362s] Level 1:colcon.colcon_core.package_identification:_identify(src) by extensions ['colcon_pkg']
[0.362s] Level 1:colcon.colcon_core.package_identification:_identify(src) by extension 'colcon_pkg'
[0.362s] Level 1:colcon.colcon_core.package_identification:_identify(src) by extensions ['colcon_meta']
[0.363s] Level 1:colcon.colcon_core.package_identification:_identify(src) by extension 'colcon_meta'
[0.363s] Level 1:colcon.colcon_core.package_identification:_identify(src) by extensions ['ros']
[0.363s] Level 1:colcon.colcon_core.package_identification:_identify(src) by extension 'ros'
[0.363s] Level 1:colcon.colcon_core.package_identification:_identify(src) by extensions ['cmake', 'python']
[0.363s] Level 1:colcon.colcon_core.package_identification:_identify(src) by extension 'cmake'
[0.363s] Level 1:colcon.colcon_core.package_identification:_identify(src) by extension 'python'
[0.363s] Level 1:colcon.colcon_core.package_identification:_identify(src) by extensions ['python_setup_py']
[0.363s] Level 1:colcon.colcon_core.package_identification:_identify(src) by extension 'python_setup_py'
[0.364s] Level 1:colcon.colcon_core.package_identification:_identify(src/build) by extensions ['ignore', 'ignore_ament_install']
[0.364s] Level 1:colcon.colcon_core.package_identification:_identify(src/build) by extension 'ignore'
[0.364s] Level 1:colcon.colcon_core.package_identification:_identify(src/build) ignored
[0.364s] Level 1:colcon.colcon_core.package_identification:_identify(src/install) by extensions ['ignore', 'ignore_ament_install']
[0.364s] Level 1:colcon.colcon_core.package_identification:_identify(src/install) by extension 'ignore'
[0.364s] Level 1:colcon.colcon_core.package_identification:_identify(src/install) ignored
[0.365s] Level 1:colcon.colcon_core.package_identification:_identify(src/log) by extensions ['ignore', 'ignore_ament_install']
[0.365s] Level 1:colcon.colcon_core.package_identification:_identify(src/log) by extension 'ignore'
[0.365s] Level 1:colcon.colcon_core.package_identification:_identify(src/log) ignored
[0.365s] Level 1:colcon.colcon_core.package_identification:_identify(src/package) by extensions ['ignore', 'ignore_ament_install']
[0.365s] Level 1:colcon.colcon_core.package_identification:_identify(src/package) by extension 'ignore'
[0.365s] Level 1:colcon.colcon_core.package_identification:_identify(src/package) by extension 'ignore_ament_install'
[0.366s] Level 1:colcon.colcon_core.package_identification:_identify(src/package) by extensions ['colcon_pkg']
[0.366s] Level 1:colcon.colcon_core.package_identification:_identify(src/package) by extension 'colcon_pkg'
[0.366s] Level 1:colcon.colcon_core.package_identification:_identify(src/package) by extensions ['colcon_meta']
[0.366s] Level 1:colcon.colcon_core.package_identification:_identify(src/package) by extension 'colcon_meta'
[0.366s] Level 1:colcon.colcon_core.package_identification:_identify(src/package) by extensions ['ros']
[0.366s] Level 1:colcon.colcon_core.package_identification:_identify(src/package) by extension 'ros'
[0.368s] DEBUG:colcon.colcon_core.package_identification:Package 'src/package' with type 'ros.ament_cmake' and name 'package'
[0.368s] Level 1:colcon.colcon_core.package_discovery:discover_packages(recursive) using defaults
[0.369s] Level 1:colcon.colcon_core.package_discovery:discover_packages(ignore) discover
[0.369s] Level 1:colcon.colcon_core.package_discovery:discover_packages(ignore) using defaults
[0.369s] Level 1:colcon.colcon_core.package_discovery:discover_packages(path) discover
[0.369s] Level 1:colcon.colcon_core.package_discovery:discover_packages(path) using defaults
[0.391s] Level 1:colcon.colcon_core.package_discovery:discover_packages(prefix_path) check parameters
[0.391s] Level 1:colcon.colcon_core.package_discovery:discover_packages(prefix_path) discover
[0.396s] DEBUG:colcon.colcon_installed_package_information.package_discovery:Found 270 installed packages in /opt/ros/humble
[0.398s] Level 1:colcon.colcon_core.package_discovery:discover_packages(prefix_path) using defaults
[0.451s] Level 5:colcon.colcon_core.verb:set package 'package' build argument 'cmake_args' from command line to 'None'
[0.452s] Level 5:colcon.colcon_core.verb:set package 'package' build argument 'cmake_target' from command line to 'None'
[0.452s] Level 5:colcon.colcon_core.verb:set package 'package' build argument 'cmake_target_skip_unavailable' from command line to 'False'
[0.452s] Level 5:colcon.colcon_core.verb:set package 'package' build argument 'cmake_clean_cache' from command line to 'False'
[0.452s] Level 5:colcon.colcon_core.verb:set package 'package' build argument 'cmake_clean_first' from command line to 'False'
[0.452s] Level 5:colcon.colcon_core.verb:set package 'package' build argument 'cmake_force_configure' from command line to 'False'
[0.452s] Level 5:colcon.colcon_core.verb:set package 'package' build argument 'ament_cmake_args' from command line to 'None'
[0.452s] Level 5:colcon.colcon_core.verb:set package 'package' build argument 'catkin_cmake_args' from command line to 'None'
[0.452s] Level 5:colcon.colcon_core.verb:set package 'package' build argument 'catkin_skip_building_tests' from command line to 'False'
[0.453s] DEBUG:colcon.colcon_core.verb:Building package 'package' with the following arguments: {'ament_cmake_args': None, 'build_base': '/home/owen/ros2_ws/build/package', 'catkin_cmake_args': None, 'catkin_skip_building_tests': False, 'cmake_args': None, 'cmake_clean_cache': False, 'cmake_clean_first': False, 'cmake_force_configure': False, 'cmake_target': None, 'cmake_target_skip_unavailable': False, 'install_base': '/home/owen/ros2_ws/install/package', 'merge_install': False, 'path': '/home/owen/ros2_ws/src/package', 'symlink_install': True, 'test_result_base': None}
[0.453s] INFO:colcon.colcon_core.executor:Executing jobs using 'parallel' executor
[0.456s] DEBUG:colcon.colcon_parallel_executor.executor.parallel:run_until_complete
[0.457s] INFO:colcon.colcon_ros.task.ament_cmake.build:Building ROS package in '/home/owen/ros2_ws/src/package' with build type 'ament_cmake'
[0.457s] INFO:colcon.colcon_cmake.task.cmake.build:Building CMake package in '/home/owen/ros2_ws/src/package'
[0.461s] INFO:colcon.colcon_core.plugin_system:Skipping extension 'colcon_core.shell.bat': Not used on non-Windows systems
[0.462s] INFO:colcon.colcon_core.shell:Skip shell extension 'powershell' for command environment: Not usable outside of PowerShell
[0.462s] DEBUG:colcon.colcon_core.shell:Skip shell extension 'dsv' for command environment
[0.471s] DEBUG:colcon.colcon_core.event_handler.log_command:Invoking command in '/home/owen/ros2_ws/build/package': CMAKE_PREFIX_PATH=/opt/ros/humble /usr/bin/cmake /home/owen/ros2_ws/src/package -DAMENT_CMAKE_SYMLINK_INSTALL=1 -DCMAKE_INSTALL_PREFIX=/home/owen/ros2_ws/install/package
[2.517s] DEBUG:colcon.colcon_core.event_handler.log_command:Invoked command in '/home/owen/ros2_ws/build/package' returned '0': CMAKE_PREFIX_PATH=/opt/ros/humble /usr/bin/cmake /home/owen/ros2_ws/src/package -DAMENT_CMAKE_SYMLINK_INSTALL=1 -DCMAKE_INSTALL_PREFIX=/home/owen/ros2_ws/install/package
[2.521s] DEBUG:colcon.colcon_core.event_handler.log_command:Invoking command in '/home/owen/ros2_ws/build/package': CMAKE_PREFIX_PATH=/opt/ros/humble /usr/bin/cmake --build /home/owen/ros2_ws/build/package -- -j2 -l2
[20.408s] DEBUG:colcon.colcon_core.event_handler.log_command:Invoked command in '/home/owen/ros2_ws/build/package' returned '0': CMAKE_PREFIX_PATH=/opt/ros/humble /usr/bin/cmake --build /home/owen/ros2_ws/build/package -- -j2 -l2
[20.535s] DEBUG:colcon.colcon_core.event_handler.log_command:Invoking command in '/home/owen/ros2_ws/build/package': CMAKE_PREFIX_PATH=/opt/ros/humble /usr/bin/cmake --install /home/owen/ros2_ws/build/package
[20.793s] DEBUG:colcon.colcon_core.event_handler.log_command:Invoked command in '/home/owen/ros2_ws/build/package' returned '0': CMAKE_PREFIX_PATH=/opt/ros/humble /usr/bin/cmake --install /home/owen/ros2_ws/build/package
[20.794s] Level 1:colcon.colcon_core.environment:create_environment_scripts_only(package)
[20.872s] Level 1:colcon.colcon_core.environment:checking '/home/owen/ros2_ws/install/package' for CMake module files
[20.874s] Level 1:colcon.colcon_core.environment:checking '/home/owen/ros2_ws/install/package' for CMake config files
[20.875s] Level 1:colcon.colcon_core.shell:create_environment_hook('package', 'cmake_prefix_path')
[20.879s] INFO:colcon.colcon_core.shell:Creating environment hook '/home/owen/ros2_ws/install/package/share/package/hook/cmake_prefix_path.ps1'
[20.890s] INFO:colcon.colcon_core.shell:Creating environment descriptor '/home/owen/ros2_ws/install/package/share/package/hook/cmake_prefix_path.dsv'
[20.891s] INFO:colcon.colcon_core.shell:Creating environment hook '/home/owen/ros2_ws/install/package/share/package/hook/cmake_prefix_path.sh'
[20.897s] Level 1:colcon.colcon_core.environment:checking '/home/owen/ros2_ws/install/package/lib'
[20.898s] Level 1:colcon.colcon_core.environment:checking '/home/owen/ros2_ws/install/package/bin'
[20.898s] Level 1:colcon.colcon_core.environment:checking '/home/owen/ros2_ws/install/package/lib/pkgconfig/package.pc'
[20.903s] Level 1:colcon.colcon_core.environment:checking '/home/owen/ros2_ws/install/package/lib/python3.10/site-packages'
[20.904s] Level 1:colcon.colcon_core.environment:checking '/home/owen/ros2_ws/install/package/bin'
[20.906s] INFO:colcon.colcon_core.shell:Creating package script '/home/owen/ros2_ws/install/package/share/package/package.ps1'
[20.910s] INFO:colcon.colcon_core.shell:Creating package descriptor '/home/owen/ros2_ws/install/package/share/package/package.dsv'
[20.912s] INFO:colcon.colcon_core.shell:Creating package script '/home/owen/ros2_ws/install/package/share/package/package.sh'
[20.915s] INFO:colcon.colcon_core.shell:Creating package script '/home/owen/ros2_ws/install/package/share/package/package.bash'
[20.917s] INFO:colcon.colcon_core.shell:Creating package script '/home/owen/ros2_ws/install/package/share/package/package.zsh'
[20.918s] Level 1:colcon.colcon_core.environment:create_file_with_runtime_dependencies(/home/owen/ros2_ws/install/package/share/colcon-core/packages/package)
[20.958s] Level 1:colcon.colcon_core.environment:create_environment_scripts_only(package)
[20.960s] Level 1:colcon.colcon_core.environment:checking '/home/owen/ros2_ws/install/package' for CMake module files
[20.960s] Level 1:colcon.colcon_core.environment:checking '/home/owen/ros2_ws/install/package' for CMake config files
[20.961s] Level 1:colcon.colcon_core.shell:create_environment_hook('package', 'cmake_prefix_path')
[20.962s] INFO:colcon.colcon_core.shell:Creating environment hook '/home/owen/ros2_ws/install/package/share/package/hook/cmake_prefix_path.ps1'
[20.963s] INFO:colcon.colcon_core.shell:Creating environment descriptor '/home/owen/ros2_ws/install/package/share/package/hook/cmake_prefix_path.dsv'
[20.964s] INFO:colcon.colcon_core.shell:Creating environment hook '/home/owen/ros2_ws/install/package/share/package/hook/cmake_prefix_path.sh'
[20.964s] Level 1:colcon.colcon_core.environment:checking '/home/owen/ros2_ws/install/package/lib'
[20.964s] Level 1:colcon.colcon_core.environment:checking '/home/owen/ros2_ws/install/package/bin'
[20.965s] Level 1:colcon.colcon_core.environment:checking '/home/owen/ros2_ws/install/package/lib/pkgconfig/package.pc'
[20.965s] Level 1:colcon.colcon_core.environment:checking '/home/owen/ros2_ws/install/package/lib/python3.10/site-packages'
[20.965s] Level 1:colcon.colcon_core.environment:checking '/home/owen/ros2_ws/install/package/bin'
[20.966s] INFO:colcon.colcon_core.shell:Creating package script '/home/owen/ros2_ws/install/package/share/package/package.ps1'
[20.966s] INFO:colcon.colcon_core.shell:Creating package descriptor '/home/owen/ros2_ws/install/package/share/package/package.dsv'
[20.967s] INFO:colcon.colcon_core.shell:Creating package script '/home/owen/ros2_ws/install/package/share/package/package.sh'
[20.968s] INFO:colcon.colcon_core.shell:Creating package script '/home/owen/ros2_ws/install/package/share/package/package.bash'
[20.969s] INFO:colcon.colcon_core.shell:Creating package script '/home/owen/ros2_ws/install/package/share/package/package.zsh'
[20.969s] Level 1:colcon.colcon_core.environment:create_file_with_runtime_dependencies(/home/owen/ros2_ws/install/package/share/colcon-core/packages/package)
[20.976s] DEBUG:colcon.colcon_parallel_executor.executor.parallel:closing loop
[20.977s] DEBUG:colcon.colcon_parallel_executor.executor.parallel:loop closed
[20.977s] DEBUG:colcon.colcon_parallel_executor.executor.parallel:run_until_complete finished with '0'
[20.978s] DEBUG:colcon.colcon_core.event_reactor:joining thread
[21.019s] INFO:colcon.colcon_core.plugin_system:Skipping extension 'colcon_notification.desktop_notification.terminal_notifier': Not used on non-Darwin systems
[21.019s] INFO:colcon.colcon_core.plugin_system:Skipping extension 'colcon_notification.desktop_notification.win32': Not used on non-Windows systems
[21.019s] INFO:colcon.colcon_notification.desktop_notification:Sending desktop notification using 'notify2'
[21.352s] DEBUG:colcon.colcon_core.event_reactor:joined thread
[21.354s] INFO:colcon.colcon_core.shell:Creating prefix script '/home/owen/ros2_ws/install/local_setup.ps1'
[21.356s] INFO:colcon.colcon_core.shell:Creating prefix util module '/home/owen/ros2_ws/install/_local_setup_util_ps1.py'
[21.361s] INFO:colcon.colcon_core.shell:Creating prefix chain script '/home/owen/ros2_ws/install/setup.ps1'
[21.366s] INFO:colcon.colcon_core.shell:Creating prefix script '/home/owen/ros2_ws/install/local_setup.sh'
[21.369s] INFO:colcon.colcon_core.shell:Creating prefix util module '/home/owen/ros2_ws/install/_local_setup_util_sh.py'
[21.371s] INFO:colcon.colcon_core.shell:Creating prefix chain script '/home/owen/ros2_ws/install/setup.sh'
[21.375s] INFO:colcon.colcon_core.shell:Creating prefix script '/home/owen/ros2_ws/install/local_setup.bash'
[21.384s] INFO:colcon.colcon_core.shell:Creating prefix chain script '/home/owen/ros2_ws/install/setup.bash'
[21.390s] INFO:colcon.colcon_core.shell:Creating prefix script '/home/owen/ros2_ws/install/local_setup.zsh'
[21.395s] INFO:colcon.colcon_core.shell:Creating prefix chain script '/home/owen/ros2_ws/install/setup.zsh'
