[0.648s] DEBUG:colcon:Command line arguments: ['/usr/bin/colcon', 'build', '--symlink-install']
[0.648s] DEBUG:colcon:Parsed command line arguments: Namespace(log_base=None, log_level=None, verb_name='build', build_base='build', install_base='install', merge_install=False, symlink_install=True, test_result_base=None, continue_on_error=False, executor='parallel', parallel_workers=2, event_handlers=None, ignore_user_meta=False, metas=['./colcon.meta'], base_paths=['.'], packages_ignore=None, packages_ignore_regex=None, paths=None, packages_up_to=None, packages_up_to_regex=None, packages_above=None, packages_above_and_dependencies=None, packages_above_depth=None, packages_select_by_dep=None, packages_skip_by_dep=None, packages_skip_up_to=None, packages_select_build_failed=False, packages_skip_build_finished=False, packages_select_test_failures=False, packages_skip_test_passed=False, packages_select=None, packages_skip=None, packages_select_regex=None, packages_skip_regex=None, packages_start=None, packages_end=None, allow_overriding=[], cmake_args=None, cmake_target=None, cmake_target_skip_unavailable=False, cmake_clean_cache=False, cmake_clean_first=False, cmake_force_configure=False, ament_cmake_args=None, catkin_cmake_args=None, catkin_skip_building_tests=False, verb_parser=<colcon_defaults.argument_parser.defaults.DefaultArgumentsDecorator object at 0x7ff3effbc0a0>, verb_extension=<colcon_core.verb.build.BuildVerb object at 0x7ff3f07a88b0>, main=<bound method BuildVerb.main of <colcon_core.verb.build.BuildVerb object at 0x7ff3f07a88b0>>)
[0.702s] Level 1:colcon.colcon_core.package_discovery:discover_packages(colcon_meta) check parameters
[0.702s] Level 1:colcon.colcon_core.package_discovery:discover_packages(recursive) check parameters
[0.702s] Level 1:colcon.colcon_core.package_discovery:discover_packages(ignore) check parameters
[0.702s] Level 1:colcon.colcon_core.package_discovery:discover_packages(path) check parameters
[0.702s] Level 1:colcon.colcon_core.package_discovery:discover_packages(colcon_meta) discover
[0.702s] Level 1:colcon.colcon_core.package_discovery:discover_packages(recursive) discover
[0.702s] INFO:colcon.colcon_core.package_discovery:Crawling recursively for packages in '/home/owen/ros2_ws/src'
[0.702s] Level 1:colcon.colcon_core.package_identification:_identify(.) by extensions ['ignore', 'ignore_ament_install']
[0.702s] Level 1:colcon.colcon_core.package_identification:_identify(.) by extension 'ignore'
[0.702s] Level 1:colcon.colcon_core.package_identification:_identify(.) by extension 'ignore_ament_install'
[0.702s] Level 1:colcon.colcon_core.package_identification:_identify(.) by extensions ['colcon_pkg']
[0.702s] Level 1:colcon.colcon_core.package_identification:_identify(.) by extension 'colcon_pkg'
[0.702s] Level 1:colcon.colcon_core.package_identification:_identify(.) by extensions ['colcon_meta']
[0.702s] Level 1:colcon.colcon_core.package_identification:_identify(.) by extension 'colcon_meta'
[0.703s] Level 1:colcon.colcon_core.package_identification:_identify(.) by extensions ['ros']
[0.703s] Level 1:colcon.colcon_core.package_identification:_identify(.) by extension 'ros'
[0.717s] Level 1:colcon.colcon_core.package_identification:_identify(.) by extensions ['cmake', 'python']
[0.717s] Level 1:colcon.colcon_core.package_identification:_identify(.) by extension 'cmake'
[0.717s] Level 1:colcon.colcon_core.package_identification:_identify(.) by extension 'python'
[0.717s] Level 1:colcon.colcon_core.package_identification:_identify(.) by extensions ['python_setup_py']
[0.717s] Level 1:colcon.colcon_core.package_identification:_identify(.) by extension 'python_setup_py'
[0.717s] Level 1:colcon.colcon_core.package_identification:_identify(build) by extensions ['ignore', 'ignore_ament_install']
[0.717s] Level 1:colcon.colcon_core.package_identification:_identify(build) by extension 'ignore'
[0.717s] Level 1:colcon.colcon_core.package_identification:_identify(build) ignored
[0.717s] Level 1:colcon.colcon_core.package_identification:_identify(install) by extensions ['ignore', 'ignore_ament_install']
[0.717s] Level 1:colcon.colcon_core.package_identification:_identify(install) by extension 'ignore'
[0.717s] Level 1:colcon.colcon_core.package_identification:_identify(install) ignored
[0.718s] Level 1:colcon.colcon_core.package_identification:_identify(log) by extensions ['ignore', 'ignore_ament_install']
[0.718s] Level 1:colcon.colcon_core.package_identification:_identify(log) by extension 'ignore'
[0.718s] Level 1:colcon.colcon_core.package_identification:_identify(log) ignored
[0.718s] Level 1:colcon.colcon_core.package_identification:_identify(package) by extensions ['ignore', 'ignore_ament_install']
[0.718s] Level 1:colcon.colcon_core.package_identification:_identify(package) by extension 'ignore'
[0.718s] Level 1:colcon.colcon_core.package_identification:_identify(package) by extension 'ignore_ament_install'
[0.718s] Level 1:colcon.colcon_core.package_identification:_identify(package) by extensions ['colcon_pkg']
[0.718s] Level 1:colcon.colcon_core.package_identification:_identify(package) by extension 'colcon_pkg'
[0.718s] Level 1:colcon.colcon_core.package_identification:_identify(package) by extensions ['colcon_meta']
[0.718s] Level 1:colcon.colcon_core.package_identification:_identify(package) by extension 'colcon_meta'
[0.718s] Level 1:colcon.colcon_core.package_identification:_identify(package) by extensions ['ros']
[0.718s] Level 1:colcon.colcon_core.package_identification:_identify(package) by extension 'ros'
[0.721s] DEBUG:colcon.colcon_core.package_identification:Package 'package' with type 'ros.ament_cmake' and name 'package'
[0.721s] Level 1:colcon.colcon_core.package_discovery:discover_packages(recursive) using defaults
[0.721s] Level 1:colcon.colcon_core.package_discovery:discover_packages(ignore) discover
[0.721s] Level 1:colcon.colcon_core.package_discovery:discover_packages(ignore) using defaults
[0.721s] Level 1:colcon.colcon_core.package_discovery:discover_packages(path) discover
[0.721s] Level 1:colcon.colcon_core.package_discovery:discover_packages(path) using defaults
[0.754s] Level 1:colcon.colcon_core.package_discovery:discover_packages(prefix_path) check parameters
[0.754s] Level 1:colcon.colcon_core.package_discovery:discover_packages(prefix_path) discover
[0.761s] DEBUG:colcon.colcon_installed_package_information.package_discovery:Found 270 installed packages in /opt/ros/humble
[0.762s] Level 1:colcon.colcon_core.package_discovery:discover_packages(prefix_path) using defaults
[0.852s] Level 5:colcon.colcon_core.verb:set package 'package' build argument 'cmake_args' from command line to 'None'
[0.852s] Level 5:colcon.colcon_core.verb:set package 'package' build argument 'cmake_target' from command line to 'None'
[0.852s] Level 5:colcon.colcon_core.verb:set package 'package' build argument 'cmake_target_skip_unavailable' from command line to 'False'
[0.852s] Level 5:colcon.colcon_core.verb:set package 'package' build argument 'cmake_clean_cache' from command line to 'False'
[0.852s] Level 5:colcon.colcon_core.verb:set package 'package' build argument 'cmake_clean_first' from command line to 'False'
[0.852s] Level 5:colcon.colcon_core.verb:set package 'package' build argument 'cmake_force_configure' from command line to 'False'
[0.852s] Level 5:colcon.colcon_core.verb:set package 'package' build argument 'ament_cmake_args' from command line to 'None'
[0.852s] Level 5:colcon.colcon_core.verb:set package 'package' build argument 'catkin_cmake_args' from command line to 'None'
[0.852s] Level 5:colcon.colcon_core.verb:set package 'package' build argument 'catkin_skip_building_tests' from command line to 'False'
[0.852s] DEBUG:colcon.colcon_core.verb:Building package 'package' with the following arguments: {'ament_cmake_args': None, 'build_base': '/home/owen/ros2_ws/src/build/package', 'catkin_cmake_args': None, 'catkin_skip_building_tests': False, 'cmake_args': None, 'cmake_clean_cache': False, 'cmake_clean_first': False, 'cmake_force_configure': False, 'cmake_target': None, 'cmake_target_skip_unavailable': False, 'install_base': '/home/owen/ros2_ws/src/install/package', 'merge_install': False, 'path': '/home/owen/ros2_ws/src/package', 'symlink_install': True, 'test_result_base': None}
[0.852s] INFO:colcon.colcon_core.executor:Executing jobs using 'parallel' executor
[0.855s] DEBUG:colcon.colcon_parallel_executor.executor.parallel:run_until_complete
[0.855s] INFO:colcon.colcon_ros.task.ament_cmake.build:Building ROS package in '/home/owen/ros2_ws/src/package' with build type 'ament_cmake'
[0.855s] INFO:colcon.colcon_cmake.task.cmake.build:Building CMake package in '/home/owen/ros2_ws/src/package'
[0.894s] INFO:colcon.colcon_core.plugin_system:Skipping extension 'colcon_core.shell.bat': Not used on non-Windows systems
[0.894s] INFO:colcon.colcon_core.shell:Skip shell extension 'powershell' for command environment: Not usable outside of PowerShell
[0.894s] DEBUG:colcon.colcon_core.shell:Skip shell extension 'dsv' for command environment
[0.903s] DEBUG:colcon.colcon_core.event_handler.log_command:Invoking command in '/home/owen/ros2_ws/src/build/package': CMAKE_PREFIX_PATH=/opt/ros/humble /usr/bin/cmake /home/owen/ros2_ws/src/package -DAMENT_CMAKE_SYMLINK_INSTALL=1 -DCMAKE_INSTALL_PREFIX=/home/owen/ros2_ws/src/install/package
[3.110s] DEBUG:colcon.colcon_core.event_handler.log_command:Invoked command in '/home/owen/ros2_ws/src/build/package' returned '0': CMAKE_PREFIX_PATH=/opt/ros/humble /usr/bin/cmake /home/owen/ros2_ws/src/package -DAMENT_CMAKE_SYMLINK_INSTALL=1 -DCMAKE_INSTALL_PREFIX=/home/owen/ros2_ws/src/install/package
[3.115s] DEBUG:colcon.colcon_core.event_handler.log_command:Invoking command in '/home/owen/ros2_ws/src/build/package': CMAKE_PREFIX_PATH=/opt/ros/humble /usr/bin/cmake --build /home/owen/ros2_ws/src/build/package -- -j2 -l2
[21.944s] DEBUG:colcon.colcon_core.event_handler.log_command:Invoked command in '/home/owen/ros2_ws/src/build/package' returned '0': CMAKE_PREFIX_PATH=/opt/ros/humble /usr/bin/cmake --build /home/owen/ros2_ws/src/build/package -- -j2 -l2
[22.085s] DEBUG:colcon.colcon_core.event_handler.log_command:Invoking command in '/home/owen/ros2_ws/src/build/package': CMAKE_PREFIX_PATH=/opt/ros/humble /usr/bin/cmake --install /home/owen/ros2_ws/src/build/package
[22.149s] DEBUG:colcon.colcon_core.event_handler.log_command:Invoked command in '/home/owen/ros2_ws/src/build/package' returned '1': CMAKE_PREFIX_PATH=/opt/ros/humble /usr/bin/cmake --install /home/owen/ros2_ws/src/build/package
[22.240s] Level 1:colcon.colcon_core.environment:create_environment_scripts_only(package)
[22.314s] Level 1:colcon.colcon_core.environment:checking '/home/owen/ros2_ws/src/install/package' for CMake module files
[22.317s] Level 1:colcon.colcon_core.environment:checking '/home/owen/ros2_ws/src/install/package' for CMake config files
[22.322s] Level 1:colcon.colcon_core.environment:checking '/home/owen/ros2_ws/src/install/package/lib'
[22.323s] Level 1:colcon.colcon_core.environment:checking '/home/owen/ros2_ws/src/install/package/bin'
[22.323s] Level 1:colcon.colcon_core.environment:checking '/home/owen/ros2_ws/src/install/package/lib/pkgconfig/package.pc'
[22.330s] Level 1:colcon.colcon_core.environment:checking '/home/owen/ros2_ws/src/install/package/lib/python3.10/site-packages'
[22.330s] Level 1:colcon.colcon_core.environment:checking '/home/owen/ros2_ws/src/install/package/bin'
[22.333s] INFO:colcon.colcon_core.shell:Creating package script '/home/owen/ros2_ws/src/install/package/share/package/package.ps1'
[22.349s] INFO:colcon.colcon_core.shell:Creating package descriptor '/home/owen/ros2_ws/src/install/package/share/package/package.dsv'
[22.350s] INFO:colcon.colcon_core.shell:Creating package script '/home/owen/ros2_ws/src/install/package/share/package/package.sh'
[22.352s] INFO:colcon.colcon_core.shell:Creating package script '/home/owen/ros2_ws/src/install/package/share/package/package.bash'
[22.353s] INFO:colcon.colcon_core.shell:Creating package script '/home/owen/ros2_ws/src/install/package/share/package/package.zsh'
[22.355s] Level 1:colcon.colcon_core.environment:create_file_with_runtime_dependencies(/home/owen/ros2_ws/src/install/package/share/colcon-core/packages/package)
[22.365s] DEBUG:colcon.colcon_parallel_executor.executor.parallel:closing loop
[22.367s] DEBUG:colcon.colcon_parallel_executor.executor.parallel:loop closed
[22.368s] DEBUG:colcon.colcon_parallel_executor.executor.parallel:run_until_complete finished with '1'
[22.368s] DEBUG:colcon.colcon_core.event_reactor:joining thread
[22.426s] INFO:colcon.colcon_core.plugin_system:Skipping extension 'colcon_notification.desktop_notification.terminal_notifier': Not used on non-Darwin systems
[22.426s] INFO:colcon.colcon_core.plugin_system:Skipping extension 'colcon_notification.desktop_notification.win32': Not used on non-Windows systems
[22.426s] INFO:colcon.colcon_notification.desktop_notification:Sending desktop notification using 'notify2'
[22.823s] DEBUG:colcon.colcon_core.event_reactor:joined thread
[22.827s] INFO:colcon.colcon_core.shell:Creating prefix script '/home/owen/ros2_ws/src/install/local_setup.ps1'
[22.829s] INFO:colcon.colcon_core.shell:Creating prefix util module '/home/owen/ros2_ws/src/install/_local_setup_util_ps1.py'
[22.831s] INFO:colcon.colcon_core.shell:Creating prefix chain script '/home/owen/ros2_ws/src/install/setup.ps1'
[22.836s] INFO:colcon.colcon_core.shell:Creating prefix script '/home/owen/ros2_ws/src/install/local_setup.sh'
[22.837s] INFO:colcon.colcon_core.shell:Creating prefix util module '/home/owen/ros2_ws/src/install/_local_setup_util_sh.py'
[22.838s] INFO:colcon.colcon_core.shell:Creating prefix chain script '/home/owen/ros2_ws/src/install/setup.sh'
[22.840s] INFO:colcon.colcon_core.shell:Creating prefix script '/home/owen/ros2_ws/src/install/local_setup.bash'
[22.841s] INFO:colcon.colcon_core.shell:Creating prefix chain script '/home/owen/ros2_ws/src/install/setup.bash'
[22.845s] INFO:colcon.colcon_core.shell:Creating prefix script '/home/owen/ros2_ws/src/install/local_setup.zsh'
[22.846s] INFO:colcon.colcon_core.shell:Creating prefix chain script '/home/owen/ros2_ws/src/install/setup.zsh'
