[0.518s] DEBUG:colcon:Command line arguments: ['/usr/bin/colcon', 'build', '--symlink-install']
[0.518s] DEBUG:colcon:Parsed command line arguments: Namespace(log_base=None, log_level=None, verb_name='build', build_base='build', install_base='install', merge_install=False, symlink_install=True, test_result_base=None, continue_on_error=False, executor='parallel', parallel_workers=2, event_handlers=None, ignore_user_meta=False, metas=['./colcon.meta'], base_paths=['.'], packages_ignore=None, packages_ignore_regex=None, paths=None, packages_up_to=None, packages_up_to_regex=None, packages_above=None, packages_above_and_dependencies=None, packages_above_depth=None, packages_select_by_dep=None, packages_skip_by_dep=None, packages_skip_up_to=None, packages_select_build_failed=False, packages_skip_build_finished=False, packages_select_test_failures=False, packages_skip_test_passed=False, packages_select=None, packages_skip=None, packages_select_regex=None, packages_skip_regex=None, packages_start=None, packages_end=None, allow_overriding=[], cmake_args=None, cmake_target=None, cmake_target_skip_unavailable=False, cmake_clean_cache=False, cmake_clean_first=False, cmake_force_configure=False, ament_cmake_args=None, catkin_cmake_args=None, catkin_skip_building_tests=False, verb_parser=<colcon_defaults.argument_parser.defaults.DefaultArgumentsDecorator object at 0x7f29e9dc4730>, verb_extension=<colcon_core.verb.build.BuildVerb object at 0x7f29ea625810>, main=<bound method BuildVerb.main of <colcon_core.verb.build.BuildVerb object at 0x7f29ea625810>>)
[0.572s] Level 1:colcon.colcon_core.package_discovery:discover_packages(colcon_meta) check parameters
[0.573s] Level 1:colcon.colcon_core.package_discovery:discover_packages(recursive) check parameters
[0.573s] Level 1:colcon.colcon_core.package_discovery:discover_packages(ignore) check parameters
[0.573s] Level 1:colcon.colcon_core.package_discovery:discover_packages(path) check parameters
[0.573s] Level 1:colcon.colcon_core.package_discovery:discover_packages(colcon_meta) discover
[0.573s] Level 1:colcon.colcon_core.package_discovery:discover_packages(recursive) discover
[0.573s] INFO:colcon.colcon_core.package_discovery:Crawling recursively for packages in '/home/owen/ros2_ws'
[0.573s] Level 1:colcon.colcon_core.package_identification:_identify(.) by extensions ['ignore', 'ignore_ament_install']
[0.573s] Level 1:colcon.colcon_core.package_identification:_identify(.) by extension 'ignore'
[0.573s] Level 1:colcon.colcon_core.package_identification:_identify(.) by extension 'ignore_ament_install'
[0.573s] Level 1:colcon.colcon_core.package_identification:_identify(.) by extensions ['colcon_pkg']
[0.573s] Level 1:colcon.colcon_core.package_identification:_identify(.) by extension 'colcon_pkg'
[0.573s] Level 1:colcon.colcon_core.package_identification:_identify(.) by extensions ['colcon_meta']
[0.573s] Level 1:colcon.colcon_core.package_identification:_identify(.) by extension 'colcon_meta'
[0.573s] Level 1:colcon.colcon_core.package_identification:_identify(.) by extensions ['ros']
[0.574s] Level 1:colcon.colcon_core.package_identification:_identify(.) by extension 'ros'
[0.587s] Level 1:colcon.colcon_core.package_identification:_identify(.) by extensions ['cmake', 'python']
[0.588s] Level 1:colcon.colcon_core.package_identification:_identify(.) by extension 'cmake'
[0.588s] Level 1:colcon.colcon_core.package_identification:_identify(.) by extension 'python'
[0.588s] Level 1:colcon.colcon_core.package_identification:_identify(.) by extensions ['python_setup_py']
[0.588s] Level 1:colcon.colcon_core.package_identification:_identify(.) by extension 'python_setup_py'
[0.588s] Level 1:colcon.colcon_core.package_identification:_identify(build) by extensions ['ignore', 'ignore_ament_install']
[0.588s] Level 1:colcon.colcon_core.package_identification:_identify(build) by extension 'ignore'
[0.589s] Level 1:colcon.colcon_core.package_identification:_identify(build) ignored
[0.589s] Level 1:colcon.colcon_core.package_identification:_identify(install) by extensions ['ignore', 'ignore_ament_install']
[0.589s] Level 1:colcon.colcon_core.package_identification:_identify(install) by extension 'ignore'
[0.589s] Level 1:colcon.colcon_core.package_identification:_identify(install) ignored
[0.589s] Level 1:colcon.colcon_core.package_identification:_identify(log) by extensions ['ignore', 'ignore_ament_install']
[0.589s] Level 1:colcon.colcon_core.package_identification:_identify(log) by extension 'ignore'
[0.589s] Level 1:colcon.colcon_core.package_identification:_identify(log) ignored
[0.589s] Level 1:colcon.colcon_core.package_identification:_identify(src) by extensions ['ignore', 'ignore_ament_install']
[0.590s] Level 1:colcon.colcon_core.package_identification:_identify(src) by extension 'ignore'
[0.590s] Level 1:colcon.colcon_core.package_identification:_identify(src) by extension 'ignore_ament_install'
[0.590s] Level 1:colcon.colcon_core.package_identification:_identify(src) by extensions ['colcon_pkg']
[0.590s] Level 1:colcon.colcon_core.package_identification:_identify(src) by extension 'colcon_pkg'
[0.590s] Level 1:colcon.colcon_core.package_identification:_identify(src) by extensions ['colcon_meta']
[0.590s] Level 1:colcon.colcon_core.package_identification:_identify(src) by extension 'colcon_meta'
[0.590s] Level 1:colcon.colcon_core.package_identification:_identify(src) by extensions ['ros']
[0.590s] Level 1:colcon.colcon_core.package_identification:_identify(src) by extension 'ros'
[0.590s] Level 1:colcon.colcon_core.package_identification:_identify(src) by extensions ['cmake', 'python']
[0.590s] Level 1:colcon.colcon_core.package_identification:_identify(src) by extension 'cmake'
[0.590s] Level 1:colcon.colcon_core.package_identification:_identify(src) by extension 'python'
[0.590s] Level 1:colcon.colcon_core.package_identification:_identify(src) by extensions ['python_setup_py']
[0.590s] Level 1:colcon.colcon_core.package_identification:_identify(src) by extension 'python_setup_py'
[0.590s] Level 1:colcon.colcon_core.package_identification:_identify(src/build) by extensions ['ignore', 'ignore_ament_install']
[0.590s] Level 1:colcon.colcon_core.package_identification:_identify(src/build) by extension 'ignore'
[0.590s] Level 1:colcon.colcon_core.package_identification:_identify(src/build) ignored
[0.590s] Level 1:colcon.colcon_core.package_identification:_identify(src/install) by extensions ['ignore', 'ignore_ament_install']
[0.591s] Level 1:colcon.colcon_core.package_identification:_identify(src/install) by extension 'ignore'
[0.591s] Level 1:colcon.colcon_core.package_identification:_identify(src/install) ignored
[0.591s] Level 1:colcon.colcon_core.package_identification:_identify(src/log) by extensions ['ignore', 'ignore_ament_install']
[0.591s] Level 1:colcon.colcon_core.package_identification:_identify(src/log) by extension 'ignore'
[0.591s] Level 1:colcon.colcon_core.package_identification:_identify(src/log) ignored
[0.591s] Level 1:colcon.colcon_core.package_identification:_identify(src/package) by extensions ['ignore', 'ignore_ament_install']
[0.591s] Level 1:colcon.colcon_core.package_identification:_identify(src/package) by extension 'ignore'
[0.591s] Level 1:colcon.colcon_core.package_identification:_identify(src/package) by extension 'ignore_ament_install'
[0.591s] Level 1:colcon.colcon_core.package_identification:_identify(src/package) by extensions ['colcon_pkg']
[0.591s] Level 1:colcon.colcon_core.package_identification:_identify(src/package) by extension 'colcon_pkg'
[0.591s] Level 1:colcon.colcon_core.package_identification:_identify(src/package) by extensions ['colcon_meta']
[0.591s] Level 1:colcon.colcon_core.package_identification:_identify(src/package) by extension 'colcon_meta'
[0.591s] Level 1:colcon.colcon_core.package_identification:_identify(src/package) by extensions ['ros']
[0.591s] Level 1:colcon.colcon_core.package_identification:_identify(src/package) by extension 'ros'
[0.599s] DEBUG:colcon.colcon_core.package_identification:Package 'src/package' with type 'ros.ament_cmake' and name 'package'
[0.599s] Level 1:colcon.colcon_core.package_discovery:discover_packages(recursive) using defaults
[0.599s] Level 1:colcon.colcon_core.package_discovery:discover_packages(ignore) discover
[0.599s] Level 1:colcon.colcon_core.package_discovery:discover_packages(ignore) using defaults
[0.599s] Level 1:colcon.colcon_core.package_discovery:discover_packages(path) discover
[0.599s] Level 1:colcon.colcon_core.package_discovery:discover_packages(path) using defaults
[0.628s] Level 1:colcon.colcon_core.package_discovery:discover_packages(prefix_path) check parameters
[0.629s] Level 1:colcon.colcon_core.package_discovery:discover_packages(prefix_path) discover
[0.633s] DEBUG:colcon.colcon_installed_package_information.package_discovery:Found 270 installed packages in /opt/ros/humble
[0.635s] Level 1:colcon.colcon_core.package_discovery:discover_packages(prefix_path) using defaults
[0.689s] Level 5:colcon.colcon_core.verb:set package 'package' build argument 'cmake_args' from command line to 'None'
[0.689s] Level 5:colcon.colcon_core.verb:set package 'package' build argument 'cmake_target' from command line to 'None'
[0.689s] Level 5:colcon.colcon_core.verb:set package 'package' build argument 'cmake_target_skip_unavailable' from command line to 'False'
[0.689s] Level 5:colcon.colcon_core.verb:set package 'package' build argument 'cmake_clean_cache' from command line to 'False'
[0.689s] Level 5:colcon.colcon_core.verb:set package 'package' build argument 'cmake_clean_first' from command line to 'False'
[0.689s] Level 5:colcon.colcon_core.verb:set package 'package' build argument 'cmake_force_configure' from command line to 'False'
[0.689s] Level 5:colcon.colcon_core.verb:set package 'package' build argument 'ament_cmake_args' from command line to 'None'
[0.689s] Level 5:colcon.colcon_core.verb:set package 'package' build argument 'catkin_cmake_args' from command line to 'None'
[0.689s] Level 5:colcon.colcon_core.verb:set package 'package' build argument 'catkin_skip_building_tests' from command line to 'False'
[0.689s] DEBUG:colcon.colcon_core.verb:Building package 'package' with the following arguments: {'ament_cmake_args': None, 'build_base': '/home/owen/ros2_ws/build/package', 'catkin_cmake_args': None, 'catkin_skip_building_tests': False, 'cmake_args': None, 'cmake_clean_cache': False, 'cmake_clean_first': False, 'cmake_force_configure': False, 'cmake_target': None, 'cmake_target_skip_unavailable': False, 'install_base': '/home/owen/ros2_ws/install/package', 'merge_install': False, 'path': '/home/owen/ros2_ws/src/package', 'symlink_install': True, 'test_result_base': None}
[0.690s] INFO:colcon.colcon_core.executor:Executing jobs using 'parallel' executor
[0.692s] DEBUG:colcon.colcon_parallel_executor.executor.parallel:run_until_complete
[0.693s] INFO:colcon.colcon_ros.task.ament_cmake.build:Building ROS package in '/home/owen/ros2_ws/src/package' with build type 'ament_cmake'
[0.693s] INFO:colcon.colcon_cmake.task.cmake.build:Building CMake package in '/home/owen/ros2_ws/src/package'
[0.710s] INFO:colcon.colcon_core.plugin_system:Skipping extension 'colcon_core.shell.bat': Not used on non-Windows systems
[0.711s] INFO:colcon.colcon_core.shell:Skip shell extension 'powershell' for command environment: Not usable outside of PowerShell
[0.711s] DEBUG:colcon.colcon_core.shell:Skip shell extension 'dsv' for command environment
[0.726s] DEBUG:colcon.colcon_core.event_handler.log_command:Invoking command in '/home/owen/ros2_ws/build/package': CMAKE_PREFIX_PATH=/opt/ros/humble /usr/bin/cmake --build /home/owen/ros2_ws/build/package -- -j2 -l2
[17.731s] DEBUG:colcon.colcon_core.event_handler.log_command:Invoked command in '/home/owen/ros2_ws/build/package' returned '0': CMAKE_PREFIX_PATH=/opt/ros/humble /usr/bin/cmake --build /home/owen/ros2_ws/build/package -- -j2 -l2
[17.808s] DEBUG:colcon.colcon_core.event_handler.log_command:Invoking command in '/home/owen/ros2_ws/build/package': CMAKE_PREFIX_PATH=/opt/ros/humble /usr/bin/cmake --install /home/owen/ros2_ws/build/package
[17.852s] Level 1:colcon.colcon_core.environment:create_environment_scripts_only(package)
[17.853s] DEBUG:colcon.colcon_core.event_handler.log_command:Invoked command in '/home/owen/ros2_ws/build/package' returned '0': CMAKE_PREFIX_PATH=/opt/ros/humble /usr/bin/cmake --install /home/owen/ros2_ws/build/package
[17.953s] Level 1:colcon.colcon_core.environment:checking '/home/owen/ros2_ws/install/package' for CMake module files
[17.955s] Level 1:colcon.colcon_core.environment:checking '/home/owen/ros2_ws/install/package' for CMake config files
[17.957s] Level 1:colcon.colcon_core.shell:create_environment_hook('package', 'cmake_prefix_path')
[17.960s] INFO:colcon.colcon_core.shell:Creating environment hook '/home/owen/ros2_ws/install/package/share/package/hook/cmake_prefix_path.ps1'
[17.972s] INFO:colcon.colcon_core.shell:Creating environment descriptor '/home/owen/ros2_ws/install/package/share/package/hook/cmake_prefix_path.dsv'
[17.973s] INFO:colcon.colcon_core.shell:Creating environment hook '/home/owen/ros2_ws/install/package/share/package/hook/cmake_prefix_path.sh'
[17.977s] Level 1:colcon.colcon_core.environment:checking '/home/owen/ros2_ws/install/package/lib'
[17.977s] Level 1:colcon.colcon_core.environment:checking '/home/owen/ros2_ws/install/package/bin'
[17.978s] Level 1:colcon.colcon_core.environment:checking '/home/owen/ros2_ws/install/package/lib/pkgconfig/package.pc'
[17.982s] Level 1:colcon.colcon_core.environment:checking '/home/owen/ros2_ws/install/package/lib/python3.10/site-packages'
[17.982s] Level 1:colcon.colcon_core.environment:checking '/home/owen/ros2_ws/install/package/bin'
[17.983s] INFO:colcon.colcon_core.shell:Creating package script '/home/owen/ros2_ws/install/package/share/package/package.ps1'
[17.985s] INFO:colcon.colcon_core.shell:Creating package descriptor '/home/owen/ros2_ws/install/package/share/package/package.dsv'
[17.988s] INFO:colcon.colcon_core.shell:Creating package script '/home/owen/ros2_ws/install/package/share/package/package.sh'
[17.989s] INFO:colcon.colcon_core.shell:Creating package script '/home/owen/ros2_ws/install/package/share/package/package.bash'
[17.996s] INFO:colcon.colcon_core.shell:Creating package script '/home/owen/ros2_ws/install/package/share/package/package.zsh'
[18.001s] Level 1:colcon.colcon_core.environment:create_file_with_runtime_dependencies(/home/owen/ros2_ws/install/package/share/colcon-core/packages/package)
[18.044s] Level 1:colcon.colcon_core.environment:create_environment_scripts_only(package)
[18.046s] Level 1:colcon.colcon_core.environment:checking '/home/owen/ros2_ws/install/package' for CMake module files
[18.046s] Level 1:colcon.colcon_core.environment:checking '/home/owen/ros2_ws/install/package' for CMake config files
[18.047s] Level 1:colcon.colcon_core.shell:create_environment_hook('package', 'cmake_prefix_path')
[18.049s] INFO:colcon.colcon_core.shell:Creating environment hook '/home/owen/ros2_ws/install/package/share/package/hook/cmake_prefix_path.ps1'
[18.050s] INFO:colcon.colcon_core.shell:Creating environment descriptor '/home/owen/ros2_ws/install/package/share/package/hook/cmake_prefix_path.dsv'
[18.050s] INFO:colcon.colcon_core.shell:Creating environment hook '/home/owen/ros2_ws/install/package/share/package/hook/cmake_prefix_path.sh'
[18.051s] Level 1:colcon.colcon_core.environment:checking '/home/owen/ros2_ws/install/package/lib'
[18.051s] Level 1:colcon.colcon_core.environment:checking '/home/owen/ros2_ws/install/package/bin'
[18.052s] Level 1:colcon.colcon_core.environment:checking '/home/owen/ros2_ws/install/package/lib/pkgconfig/package.pc'
[18.052s] Level 1:colcon.colcon_core.environment:checking '/home/owen/ros2_ws/install/package/lib/python3.10/site-packages'
[18.052s] Level 1:colcon.colcon_core.environment:checking '/home/owen/ros2_ws/install/package/bin'
[18.054s] INFO:colcon.colcon_core.shell:Creating package script '/home/owen/ros2_ws/install/package/share/package/package.ps1'
[18.054s] INFO:colcon.colcon_core.shell:Creating package descriptor '/home/owen/ros2_ws/install/package/share/package/package.dsv'
[18.055s] INFO:colcon.colcon_core.shell:Creating package script '/home/owen/ros2_ws/install/package/share/package/package.sh'
[18.056s] INFO:colcon.colcon_core.shell:Creating package script '/home/owen/ros2_ws/install/package/share/package/package.bash'
[18.057s] INFO:colcon.colcon_core.shell:Creating package script '/home/owen/ros2_ws/install/package/share/package/package.zsh'
[18.058s] Level 1:colcon.colcon_core.environment:create_file_with_runtime_dependencies(/home/owen/ros2_ws/install/package/share/colcon-core/packages/package)
[18.061s] DEBUG:colcon.colcon_parallel_executor.executor.parallel:closing loop
[18.064s] DEBUG:colcon.colcon_parallel_executor.executor.parallel:loop closed
[18.065s] DEBUG:colcon.colcon_parallel_executor.executor.parallel:run_until_complete finished with '0'
[18.070s] DEBUG:colcon.colcon_core.event_reactor:joining thread
[18.121s] INFO:colcon.colcon_core.plugin_system:Skipping extension 'colcon_notification.desktop_notification.terminal_notifier': Not used on non-Darwin systems
[18.121s] INFO:colcon.colcon_core.plugin_system:Skipping extension 'colcon_notification.desktop_notification.win32': Not used on non-Windows systems
[18.122s] INFO:colcon.colcon_notification.desktop_notification:Sending desktop notification using 'notify2'
[18.495s] DEBUG:colcon.colcon_core.event_reactor:joined thread
[18.497s] INFO:colcon.colcon_core.shell:Creating prefix script '/home/owen/ros2_ws/install/local_setup.ps1'
[18.499s] INFO:colcon.colcon_core.shell:Creating prefix util module '/home/owen/ros2_ws/install/_local_setup_util_ps1.py'
[18.501s] INFO:colcon.colcon_core.shell:Creating prefix chain script '/home/owen/ros2_ws/install/setup.ps1'
[18.507s] INFO:colcon.colcon_core.shell:Creating prefix script '/home/owen/ros2_ws/install/local_setup.sh'
[18.508s] INFO:colcon.colcon_core.shell:Creating prefix util module '/home/owen/ros2_ws/install/_local_setup_util_sh.py'
[18.509s] INFO:colcon.colcon_core.shell:Creating prefix chain script '/home/owen/ros2_ws/install/setup.sh'
[18.511s] INFO:colcon.colcon_core.shell:Creating prefix script '/home/owen/ros2_ws/install/local_setup.bash'
[18.512s] INFO:colcon.colcon_core.shell:Creating prefix chain script '/home/owen/ros2_ws/install/setup.bash'
[18.514s] INFO:colcon.colcon_core.shell:Creating prefix script '/home/owen/ros2_ws/install/local_setup.zsh'
[18.515s] INFO:colcon.colcon_core.shell:Creating prefix chain script '/home/owen/ros2_ws/install/setup.zsh'
