[0.045s] Invoking command in '/home/owen/ros2_ws/src/build/package': CMAKE_PREFIX_PATH=/opt/ros/humble /usr/bin/cmake /home/owen/ros2_ws/src/package -DAMENT_CMAKE_SYMLINK_INSTALL=1 -DCMAKE_INSTALL_PREFIX=/home/owen/ros2_ws/src/install/package
[0.215s] -- The C compiler identification is GNU 11.3.0
[0.338s] -- The CXX compiler identification is GNU 11.3.0
[0.357s] -- Detecting C compiler ABI info
[0.476s] -- Detecting C compiler ABI info - done
[0.482s] -- Check for working C compiler: /usr/bin/cc - skipped
[0.483s] -- Detecting C compile features
[0.485s] -- Detecting C compile features - done
[0.489s] -- Detecting CXX compiler ABI info
[0.604s] -- Detecting CXX compiler ABI info - done
[0.612s] -- Check for working CXX compiler: /usr/bin/c++ - skipped
[0.612s] -- Detecting CXX compile features
[0.612s] -- Detecting CXX compile features - done
[0.635s] -- Found ament_cmake: 1.3.3 (/opt/ros/humble/share/ament_cmake/cmake)
[0.876s] -- Found Python3: /usr/bin/python3.10 (found version "3.10.6") found components: Interpreter 
[0.977s] -- Override CMake install command with custom implementation using symlinks instead of copying resources
[1.017s] -- Found rclcpp: 16.0.3 (/opt/ros/humble/share/rclcpp/cmake)
[1.108s] -- Found rosidl_generator_c: 3.1.4 (/opt/ros/humble/share/rosidl_generator_c/cmake)
[1.116s] -- Found rosidl_adapter: 3.1.4 (/opt/ros/humble/share/rosidl_adapter/cmake)
[1.136s] -- Found rosidl_generator_cpp: 3.1.4 (/opt/ros/humble/share/rosidl_generator_cpp/cmake)
[1.165s] -- Using all available rosidl_typesupport_c: rosidl_typesupport_fastrtps_c;rosidl_typesupport_introspection_c
[1.193s] -- Using all available rosidl_typesupport_cpp: rosidl_typesupport_fastrtps_cpp;rosidl_typesupport_introspection_cpp
[1.313s] -- Found rmw_implementation_cmake: 6.1.1 (/opt/ros/humble/share/rmw_implementation_cmake/cmake)
[1.319s] -- Found rmw_fastrtps_cpp: 6.2.2 (/opt/ros/humble/share/rmw_fastrtps_cpp/cmake)
[1.482s] -- Found OpenSSL: /usr/lib/x86_64-linux-gnu/libcrypto.so (found version "3.0.2")  
[1.508s] -- Found FastRTPS: /opt/ros/humble/include  
[1.574s] -- Using RMW implementation 'rmw_fastrtps_cpp' as default
[1.589s] -- Looking for pthread.h
[1.711s] -- Looking for pthread.h - found
[1.711s] -- Performing Test CMAKE_HAVE_LIBC_PTHREAD
[1.839s] -- Performing Test CMAKE_HAVE_LIBC_PTHREAD - Success
[1.839s] -- Found Threads: TRUE  
[2.097s] -- Found ament_lint_auto: 0.12.5 (/opt/ros/humble/share/ament_lint_auto/cmake)
[2.213s] -- Added test 'cppcheck' to perform static code analysis on C / C++ code
[2.213s] -- Configured cppcheck include dirs: 
[2.213s] -- Configured cppcheck exclude dirs and/or files: 
[2.213s] -- Added test 'lint_cmake' to check CMake code style
[2.217s] -- Added test 'uncrustify' to check C / C++ code style
[2.217s] -- Configured uncrustify additional arguments: 
[2.218s] -- Added test 'xmllint' to check XML markup files
[2.222s] -- Configuring done
[2.239s] -- Generating done
[2.240s] -- Build files have been written to: /home/owen/ros2_ws/src/build/package
[2.253s] Invoked command in '/home/owen/ros2_ws/src/build/package' returned '0': CMAKE_PREFIX_PATH=/opt/ros/humble /usr/bin/cmake /home/owen/ros2_ws/src/package -DAMENT_CMAKE_SYMLINK_INSTALL=1 -DCMAKE_INSTALL_PREFIX=/home/owen/ros2_ws/src/install/package
[2.258s] Invoking command in '/home/owen/ros2_ws/src/build/package': CMAKE_PREFIX_PATH=/opt/ros/humble /usr/bin/cmake --build /home/owen/ros2_ws/src/build/package -- -j2 -l2
[2.327s] [ 25%] [32mBuilding CXX object CMakeFiles/publisher_node.dir/src/publisher.cpp.o[0m
[2.328s] [ 50%] [32mBuilding CXX object CMakeFiles/subscriber_node.dir/src/subscriber.cpp.o[0m
[14.446s] [ 75%] [32m[1mLinking CXX executable publisher_node[0m
[15.015s] [ 75%] Built target publisher_node
[20.444s] [100%] [32m[1mLinking CXX executable subscriber_node[0m
[20.954s] [100%] Built target subscriber_node
[21.082s] Invoked command in '/home/owen/ros2_ws/src/build/package' returned '0': CMAKE_PREFIX_PATH=/opt/ros/humble /usr/bin/cmake --build /home/owen/ros2_ws/src/build/package -- -j2 -l2
[21.228s] Invoking command in '/home/owen/ros2_ws/src/build/package': CMAKE_PREFIX_PATH=/opt/ros/humble /usr/bin/cmake --install /home/owen/ros2_ws/src/build/package
[21.252s] -- Install configuration: ""
[21.253s] -- Execute custom install script
[21.254s] -- Symlinking: /home/owen/ros2_ws/src/install/package/lib/package/publisher_node
[21.266s] -- Symlinking: /home/owen/ros2_ws/src/install/package/lib/package/subscriber_node
[21.285s] [31mCMake Error at ament_cmake_symlink_install/ament_cmake_symlink_install.cmake:100 (message):
[21.286s]   ament_cmake_symlink_install_directory() can't find
[21.286s]   '/home/owen/ros2_ws/src/package/launch'
[21.286s] Call Stack (most recent call first):
[21.287s]   ament_cmake_symlink_install/ament_cmake_symlink_install.cmake:317 (ament_cmake_symlink_install_directory)
[21.287s]   cmake_install.cmake:46 (include)
[21.287s] 
[21.287s] [0m
[21.291s] Invoked command in '/home/owen/ros2_ws/src/build/package' returned '1': CMAKE_PREFIX_PATH=/opt/ros/humble /usr/bin/cmake --install /home/owen/ros2_ws/src/build/package
